<beans xmlns="http://www.springframework.org/schema/beans"
	xmlns:xsi="http://www.w3.org/2001/XMLSchema-instance" 
	xmlns:context="http://www.springframework.org/schema/context"
	xmlns:tx="http://www.springframework.org/schema/tx"
	xmlns:p="http://www.springframework.org/schema/p"
	xmlns:jdbc="http://www.springframework.org/schema/jdbc"
	xmlns:jpa="http://www.springframework.org/schema/data/jpa"
	xsi:schemaLocation="
		http://www.springframework.org/schema/beans
		http://www.springframework.org/schema/beans/spring-beans.xsd

		http://www.springframework.org/schema/tx 
		http://www.springframework.org/schema/tx/spring-tx.xsd

		http://www.springframework.org/schema/context
		http://www.springframework.org/schema/context/spring-context.xsd

		http://www.springframework.org/schema/jdbc 
		http://www.springframework.org/schema/jdbc/spring-jdbc.xsd
		http://www.springframework.org/schema/data/jpa
		http://www.springframework.org/schema/data/jpa/spring-jpa.xsd">

	<context:component-scan base-package="com.epam.jmp.bank" />

	<context:property-placeholder location="classpath:db.properties" />

	<bean id="dataSource"
		class="org.springframework.jdbc.datasource.DriverManagerDataSource">
		<property name="driverClassName" value="org.h2.Driver" />
		<property name="url" value="jdbc:h2:file:h2\db" />
		<property name="username" value="sa" />
		<property name="password" value="" />
	</bean>

	<jdbc:initialize-database data-source="dataSource" ignore-failures="DROPS">
		<jdbc:script location="classpath:/schema.sql" />
		<!-- jdbc:script location="classpath:/data.sql" / -->
	</jdbc:initialize-database>

	<bean id="entityManagerFactory" class="org.springframework.orm.jpa.LocalContainerEntityManagerFactoryBean">

		<property name="packagesToScan" >
			<list>
				<value>com.epam.jmp.bank</value>
			</list>
		</property>

		<property name="persistenceUnitName" value="persistenceUnit"/>
		<property name="dataSource" ref="dataSource"/>

		<property name="jpaVendorAdapter">
			<bean class="${db.jpa.vendor.adapter}">
				<property name="showSql" value="${db.showSql}"/>
				<property name="generateDdl" value="${db.generateDdl}"/>
				<property name="databasePlatform" value="${db.databasePlatform}"/>
			</bean>
		</property>

	</bean>

	<bean id="transactionManager" class="org.springframework.orm.jpa.JpaTransactionManager">
		<property name="entityManagerFactory" ref="entityManagerFactory"/>
	</bean>

	<tx:annotation-driven transaction-manager="transactionManager"/>

</beans>